Flow report for finalproj
Thu Dec 09 12:51:58 2021
Quartus Prime Version 18.1.0 Build 625 09/12/2018 SJ Lite Edition


---------------------
; Table of Contents ;
---------------------
  1. Legal Notice
  2. Flow Summary
  3. Flow Settings
  4. Flow Non-Default Global Settings
  5. Flow Elapsed Time
  6. Flow OS Summary
  7. Flow Log
  8. Flow Messages
  9. Flow Suppressed Messages



----------------
; Legal Notice ;
----------------
Copyright (C) 2018  Intel Corporation. All rights reserved.
Your use of Intel Corporation's design tools, logic functions 
and other software and tools, and its AMPP partner logic 
functions, and any output files from any of the foregoing 
(including device programming or simulation files), and any 
associated documentation or information are expressly subject 
to the terms and conditions of the Intel Program License 
Subscription Agreement, the Intel Quartus Prime License Agreement,
the Intel FPGA IP License Agreement, or other applicable license
agreement, including, without limitation, that your use is for
the sole purpose of programming logic devices manufactured by
Intel and sold by Intel or its authorized distributors.  Please
refer to the applicable agreement for further details.



+----------------------------------------------------------------------------------+
; Flow Summary                                                                     ;
+------------------------------------+---------------------------------------------+
; Flow Status                        ; Successful - Thu Dec 09 12:51:31 2021       ;
; Quartus Prime Version              ; 18.1.0 Build 625 09/12/2018 SJ Lite Edition ;
; Revision Name                      ; finalproj                                   ;
; Top-level Entity Name              ; finalproj                                   ;
; Family                             ; MAX 10                                      ;
; Device                             ; 10M50DCF484C7G                              ;
; Timing Models                      ; Final                                       ;
; Total logic elements               ; 31,731 / 49,760 ( 64 % )                    ;
;     Total combinational functions  ; 30,911 / 49,760 ( 62 % )                    ;
;     Dedicated logic registers      ; 4,315 / 49,760 ( 9 % )                      ;
; Total registers                    ; 4384                                        ;
; Total pins                         ; 141 / 360 ( 39 % )                          ;
; Total virtual pins                 ; 0                                           ;
; Total memory bits                  ; 49,664 / 1,677,312 ( 3 % )                  ;
; Embedded Multiplier 9-bit elements ; 0 / 288 ( 0 % )                             ;
; Total PLLs                         ; 1 / 4 ( 25 % )                              ;
; UFM blocks                         ; 0 / 1 ( 0 % )                               ;
; ADC blocks                         ; 0                                           ;
+------------------------------------+---------------------------------------------+


+-----------------------------------------+
; Flow Settings                           ;
+-------------------+---------------------+
; Option            ; Setting             ;
+-------------------+---------------------+
; Start date & time ; 12/09/2021 12:42:49 ;
; Main task         ; Compilation         ;
; Revision Name     ; finalproj           ;
+-------------------+---------------------+


+-------------------------------------------------------------------------------------------------------------------------------------------------------+
; Flow Non-Default Global Settings                                                                                                                      ;
+-------------------------------------+----------------------------------------------------------------+---------------+-------------------+------------+
; Assignment Name                     ; Value                                                          ; Default Value ; Entity Name       ; Section Id ;
+-------------------------------------+----------------------------------------------------------------+---------------+-------------------+------------+
; COMPILER_SIGNATURE_ID               ; 168202114541347.163907536720152                                ; --            ; --                ; --         ;
; MAX_CORE_JUNCTION_TEMP              ; 85                                                             ; --            ; --                ; --         ;
; MIN_CORE_JUNCTION_TEMP              ; 0                                                              ; --            ; --                ; --         ;
; MISC_FILE                           ; labfinal_soc/synthesis/../labfinal_soc.cmp                     ; --            ; --                ; --         ;
; MISC_FILE                           ; labfinal_soc/synthesis/../../labfinal_soc.qsys                 ; --            ; --                ; --         ;
; MISC_FILE                           ; ram_bb.v                                                       ; --            ; --                ; --         ;
; PARTITION_COLOR                     ; -- (Not supported for targeted family)                         ; --            ; DE10_LITE_Default ; Top        ;
; PARTITION_COLOR                     ; -- (Not supported for targeted family)                         ; --            ; --                ; Top        ;
; PARTITION_FITTER_PRESERVATION_LEVEL ; -- (Not supported for targeted family)                         ; --            ; DE10_LITE_Default ; Top        ;
; PARTITION_FITTER_PRESERVATION_LEVEL ; -- (Not supported for targeted family)                         ; --            ; --                ; Top        ;
; PARTITION_NETLIST_TYPE              ; -- (Not supported for targeted family)                         ; --            ; DE10_LITE_Default ; Top        ;
; PARTITION_NETLIST_TYPE              ; -- (Not supported for targeted family)                         ; --            ; --                ; Top        ;
; POWER_BOARD_THERMAL_MODEL           ; None (CONSERVATIVE)                                            ; --            ; --                ; --         ;
; POWER_PRESET_COOLING_SOLUTION       ; 23 MM HEAT SINK WITH 200 LFPM AIRFLOW                          ; --            ; --                ; --         ;
; PROJECT_OUTPUT_DIRECTORY            ; output_files                                                   ; --            ; --                ; --         ;
; SLD_FILE                            ; labfinal_soc/synthesis/labfinal_soc.regmap                     ; --            ; --                ; --         ;
; SLD_FILE                            ; labfinal_soc/synthesis/labfinal_soc.debuginfo                  ; --            ; --                ; --         ;
; SLD_INFO                            ; QSYS_NAME labfinal_soc HAS_SOPCINFO 1 GENERATION_ID 1638916184 ; --            ; labfinal_soc      ; --         ;
; SOPCINFO_FILE                       ; labfinal_soc/synthesis/../../labfinal_soc.sopcinfo             ; --            ; --                ; --         ;
; SYNTHESIS_ONLY_QIP                  ; On                                                             ; --            ; --                ; --         ;
+-------------------------------------+----------------------------------------------------------------+---------------+-------------------+------------+


+--------------------------------------------------------------------------------------------------------------------------+
; Flow Elapsed Time                                                                                                        ;
+----------------------+--------------+-------------------------+---------------------+------------------------------------+
; Module Name          ; Elapsed Time ; Average Processors Used ; Peak Virtual Memory ; Total CPU Time (on all processors) ;
+----------------------+--------------+-------------------------+---------------------+------------------------------------+
; Analysis & Synthesis ; 00:05:02     ; 1.0                     ; 5142 MB             ; 00:05:35                           ;
; Fitter               ; 00:03:07     ; 1.4                     ; 6132 MB             ; 00:07:58                           ;
; Assembler            ; 00:00:09     ; 1.0                     ; 4771 MB             ; 00:00:09                           ;
; Timing Analyzer      ; 00:00:25     ; 3.0                     ; 5073 MB             ; 00:01:03                           ;
; Total                ; 00:08:43     ; --                      ; --                  ; 00:14:45                           ;
+----------------------+--------------+-------------------------+---------------------+------------------------------------+


+------------------------------------------------------------------------------------+
; Flow OS Summary                                                                    ;
+----------------------+------------------+------------+------------+----------------+
; Module Name          ; Machine Hostname ; OS Name    ; OS Version ; Processor type ;
+----------------------+------------------+------------+------------+----------------+
; Analysis & Synthesis ; LAPTOP-7NR1DUGU  ; Windows 10 ; 10.0       ; x86_64         ;
; Fitter               ; LAPTOP-7NR1DUGU  ; Windows 10 ; 10.0       ; x86_64         ;
; Assembler            ; LAPTOP-7NR1DUGU  ; Windows 10 ; 10.0       ; x86_64         ;
; Timing Analyzer      ; LAPTOP-7NR1DUGU  ; Windows 10 ; 10.0       ; x86_64         ;
+----------------------+------------------+------------+------------+----------------+


------------
; Flow Log ;
------------
quartus_map --read_settings_files=on --write_settings_files=off finalproj -c finalproj
quartus_fit --read_settings_files=off --write_settings_files=off finalproj -c finalproj
quartus_asm --read_settings_files=off --write_settings_files=off finalproj -c finalproj
quartus_sta finalproj -c finalproj



